-----> Building on the Heroku-22 stack
-----> Using buildpack: heroku/nodejs
-----> Node.js app detected
       
-----> Creating runtime environment
       
       NPM_CONFIG_LOGLEVEL=error
       NODE_VERBOSE=false
       NODE_ENV=production
       NODE_MODULES_CACHE=true
       
-----> Installing binaries
       engines.node (package.json):  18.x
       engines.npm (package.json):   unspecified (use default)
       
       Resolving node version 18.x...
       Downloading and installing node 18.17.1...
       Using default npm version: 9.6.7
       
-----> Restoring cache
       - npm cache
       
-----> Installing dependencies
       Installing node modules
       
       added 831 packages, and audited 832 packages in 12s
       
       106 packages are looking for funding
         run `npm fund` for details
       
       found 0 vulnerabilities
       npm notice 
       npm notice New major version of npm available! 9.6.7 -> 10.0.0
       npm notice Changelog: <https://github.com/npm/cli/releases/tag/v10.0.0>
       npm notice Run `npm install -g npm@10.0.0` to update!
       npm notice 
       
-----> Build
       Running build
       
       > nest-survy@0.0.1 build
       > nest build
       
src/answer/answer.service.ts:14:28 - error TS2307: Cannot find module 'src/util/answerPair' or its corresponding type declarations.
14 import { AnswerPair } from 'src/util/answerPair';
                              ~~~~~~~~~~~~~~~~~~~~~
src/question/Question.dto.ts:3:30 - error TS2307: Cannot find module 'src/util/questionType' or its corresponding type declarations.
3 import { QuestionType } from 'src/util/questionType';
                               ~~~~~~~~~~~~~~~~~~~~~~~
src/question/createQuestion.dto.ts:5:30 - error TS2307: Cannot find module 'src/util/questionType' or its corresponding type declarations.
5 import { QuestionType } from 'src/util/questionType';
                               ~~~~~~~~~~~~~~~~~~~~~~~
src/question/question.controller.ts:12:29 - error TS2307: Cannot find module './question.dto' or its corresponding type declarations.
12 import { QuestionDTO } from './question.dto';
                               ~~~~~~~~~~~~~~~~
src/question/question.entity.ts:3:30 - error TS2307: Cannot find module 'src/util/questionType' or its corresponding type declarations.
3 import { QuestionType } from 'src/util/questionType';
                               ~~~~~~~~~~~~~~~~~~~~~~~
src/question/question.service.ts:8:30 - error TS2307: Cannot find module 'src/util/questionType' or its corresponding type declarations.
8 import { QuestionType } from 'src/util/questionType';
                               ~~~~~~~~~~~~~~~~~~~~~~~
src/question/validate-question-type.pipe.ts:9:30 - error TS2307: Cannot find module 'src/util/questionType' or its corresponding type declarations.
9 import { QuestionType } from 'src/util/questionType';
                               ~~~~~~~~~~~~~~~~~~~~~~~
src/section-bridge/section-bridge.controller.ts:3:34 - error TS2307: Cannot find module './sectionBridge.dto' or its corresponding type declarations.
3 import { SectionBridgeDTO } from './sectionBridge.dto';
                                   ~~~~~~~~~~~~~~~~~~~~~
src/section/section.controller.ts:15:34 - error TS2307: Cannot find module 'src/section-bridge/sectionBridge.dto' or its corresponding type declarations.
15 import { SectionBridgeDTO } from 'src/section-bridge/sectionBridge.dto';
                                    ~~~~~~~~~~~~~~~~~~~~~~~~~~~~~~~~~~~~~~
src/util/userAnswer.ts:1:28 - error TS2307: Cannot find module './answerPair' or its corresponding type declarations.
1 import { AnswerPair } from './answerPair';
                             ~~~~~~~~~~~~~~
       Found 10 error(s).
       
-----> Build failed
       
       We're sorry this build is failing! You can troubleshoot common issues here:
       https://devcenter.heroku.com/articles/troubleshooting-node-deploys
       
       If you're stuck, please submit a ticket so we can help:
       https://help.heroku.com/
       
       Love,
       Heroku
       
 !     Push rejected, failed to compile Node.js app.
 !     Push failed